Log file open, 09/13/20 01:37:55
LogInit: Display: Running engine for game: FindingThings
LogPlatformFile: Not using cached read wrapper
LogTaskGraph: Started task graph with 5 named threads and 23 total threads with 3 sets of task threads.
LogStats: Stats thread started at 0.255354
LogD3D11RHI: Loaded GFSDK_Aftermath_Lib.x64.dll
LogICUInternationalization: ICU TimeZone Detection - Raw Offset: +1:00, Platform Override: ''
LogPluginManager: Mounting plugin Paper2D
LogPluginManager: Mounting plugin AISupport
LogPluginManager: Mounting plugin LightPropagationVolume
LogPluginManager: Mounting plugin CameraShakePreviewer
LogPluginManager: Mounting plugin ActorLayerUtilities
LogPluginManager: Mounting plugin AnimationSharing
LogPluginManager: Mounting plugin CLionSourceCodeAccess
LogPluginManager: Mounting plugin CodeLiteSourceCodeAccess
LogPluginManager: Mounting plugin GitSourceControl
LogPluginManager: Mounting plugin KDevelopSourceCodeAccess
LogPluginManager: Mounting plugin NullSourceCodeAccess
LogPluginManager: Mounting plugin PerforceSourceControl
LogPluginManager: Mounting plugin PlasticSourceControl
LogPluginManager: Mounting plugin RiderSourceCodeAccess
LogPluginManager: Mounting plugin SubversionSourceControl
LogPluginManager: Mounting plugin UObjectPlugin
LogPluginManager: Mounting plugin VisualStudioCodeSourceCodeAccess
LogPluginManager: Mounting plugin VisualStudioSourceCodeAccess
LogPluginManager: Mounting plugin XCodeSourceCodeAccess
LogPluginManager: Mounting plugin AssetManagerEditor
LogPluginManager: Mounting plugin CryptoKeys
LogPluginManager: Mounting plugin CurveEditorTools
LogPluginManager: Mounting plugin DataValidation
LogPluginManager: Mounting plugin EditorScriptingUtilities
LogPluginManager: Mounting plugin FacialAnimation
LogPluginManager: Mounting plugin GameplayTagsEditor
LogPluginManager: Mounting plugin GeometryMode
LogPluginManager: Mounting plugin MacGraphicsSwitching
LogPluginManager: Mounting plugin MaterialAnalyzer
LogPluginManager: Mounting plugin MobileLauncherProfileWizard
LogPluginManager: Mounting plugin PluginBrowser
LogPluginManager: Mounting plugin SpeedTreeImporter
LogPluginManager: Mounting plugin DatasmithContent
LogPluginManager: Mounting plugin VariantManagerContent
LogPluginManager: Mounting plugin AlembicImporter
LogPluginManager: Mounting plugin AutomationUtils
LogPluginManager: Mounting plugin BackChannel
LogPluginManager: Mounting plugin ChaosCloth
LogPluginManager: Mounting plugin ChaosClothEditor
LogPluginManager: Mounting plugin ChaosEditor
LogPluginManager: Mounting plugin ChaosNiagara
LogPluginManager: Mounting plugin ChaosSolverPlugin
LogPluginManager: Mounting plugin CharacterAI
LogPluginManager: Mounting plugin GeometryCache
LogPluginManager: Mounting plugin GeometryCollectionPlugin
LogPluginManager: Mounting plugin GeometryProcessing
LogPluginManager: Mounting plugin PlanarCut
LogPluginManager: Mounting plugin PlatformCrypto
LogPluginManager: Mounting plugin ProxyLODPlugin
LogPluginManager: Mounting plugin SkeletalReduction
LogPluginManager: Mounting plugin Niagara
LogPluginManager: Mounting plugin MagicLeap
LogPluginManager: Mounting plugin MagicLeapLightEstimation
LogPluginManager: Mounting plugin MagicLeapMedia
LogPluginManager: Mounting plugin MagicLeapPassableWorld
LogPluginManager: Mounting plugin MLSDK
LogPluginManager: Mounting plugin AndroidMedia
LogPluginManager: Mounting plugin AvfMedia
LogPluginManager: Mounting plugin ImgMedia
LogPluginManager: Mounting plugin MediaCompositing
LogPluginManager: Mounting plugin MediaPlayerEditor
LogPluginManager: Mounting plugin WebMMedia
LogPluginManager: Mounting plugin WmfMedia
LogPluginManager: Mounting plugin MeshPainting
LogPluginManager: Mounting plugin TcpMessaging
LogPluginManager: Mounting plugin UdpMessaging
LogPluginManager: Mounting plugin ActorSequence
LogPluginManager: Mounting plugin LevelSequenceEditor
LogPluginManager: Mounting plugin MatineeToLevelSequence
LogPluginManager: Mounting plugin MovieRenderPipeline
LogPluginManager: Mounting plugin TemplateSequence
LogPluginManager: Mounting plugin NetcodeUnitTest
LogPluginManager: Mounting plugin NUTUnrealEngine4
LogPluginManager: Mounting plugin OnlineSubsystemGooglePlay
LogPluginManager: Mounting plugin OnlineSubsystemIOS
LogPluginManager: Mounting plugin OnlineSubsystem
LogPluginManager: Mounting plugin OnlineSubsystemNull
LogPluginManager: Mounting plugin OnlineSubsystemUtils
LogPluginManager: Mounting plugin LauncherChunkInstaller
LogPluginManager: Mounting plugin AndroidDeviceProfileSelector
LogPluginManager: Mounting plugin AndroidMoviePlayer
LogPluginManager: Mounting plugin AndroidPermission
LogPluginManager: Mounting plugin AppleImageUtils
LogPluginManager: Mounting plugin AppleMoviePlayer
LogPluginManager: Mounting plugin ArchVisCharacter
LogPluginManager: Mounting plugin AssetTags
LogPluginManager: Mounting plugin AudioCapture
LogPluginManager: Mounting plugin CableComponent
LogPluginManager: Mounting plugin CustomMeshComponent
LogPluginManager: Mounting plugin EditableMesh
LogPluginManager: Mounting plugin ExampleDeviceProfileSelector
LogPluginManager: Mounting plugin GoogleCloudMessaging
LogPluginManager: Mounting plugin GooglePAD
LogPluginManager: Mounting plugin IOSDeviceProfileSelector
LogPluginManager: Mounting plugin LinuxDeviceProfileSelector
LogPluginManager: Mounting plugin LocationServicesBPLibrary
LogPluginManager: Mounting plugin MobilePatchingUtils
LogPluginManager: Mounting plugin OculusVR
LogPluginManager: Mounting plugin PhysXVehicles
LogPluginManager: Mounting plugin PostSplashScreen
LogPluginManager: Mounting plugin ProceduralMeshComponent
LogPluginManager: Mounting plugin RuntimePhysXCooking
LogPluginManager: Mounting plugin SignificanceManager
LogPluginManager: Mounting plugin SoundFields
LogPluginManager: Mounting plugin SteamVR
LogPluginManager: Mounting plugin Synthesis
LogPluginManager: Mounting plugin WebMMoviePlayer
LogPluginManager: Mounting plugin WindowsMoviePlayer
LogPluginManager: Mounting plugin ScreenshotTools
LogInit: Using libcurl 7.55.1-DEV
LogInit:  - built for x86_64-pc-win32
LogInit:  - supports SSL with OpenSSL/1.1.1
LogInit:  - supports HTTP deflate (compression) using libz 1.2.8
LogInit:  - other features:
LogInit:      CURL_VERSION_SSL
LogInit:      CURL_VERSION_LIBZ
LogInit:      CURL_VERSION_IPV6
LogInit:      CURL_VERSION_ASYNCHDNS
LogInit:      CURL_VERSION_LARGEFILE
LogInit:      CURL_VERSION_IDN
LogInit:  CurlRequestOptions (configurable via config and command line):
LogInit:  - bVerifyPeer = true  - Libcurl will verify peer certificate
LogInit:  - bUseHttpProxy = false  - Libcurl will NOT use HTTP proxy
LogInit:  - bDontReuseConnections = false  - Libcurl will reuse connections
LogInit:  - MaxHostConnections = 16  - Libcurl will limit the number of connections to a host
LogInit:  - LocalHostAddr = Default
LogInit:  - BufferSize = 65536
LogOnline: OSS: Creating online subsystem instance for: NULL
LogInit: WinSock: version 1.1 (2.2), MaxSocks=32767, MaxUdp=65467
LogOnline: OSS: TryLoadSubsystemAndSetDefault: Loaded subsystem for module [NULL]
LogInit: Build: ++UE4+Release-4.25-CL-13942748
LogInit: Engine Version: 4.25.3-13942748+++UE4+Release-4.25
LogInit: Compatible Engine Version: 4.25.0-13144385+++UE4+Release-4.25
LogInit: Net CL: 13144385
LogInit: OS: Windows 10 (Release 1909) (), CPU: Intel(R) Core(TM) i7-7700HQ CPU @ 2.80GHz, GPU: Intel(R) HD Graphics 630
LogInit: Compiled (64-bit): Jul 25 2020 02:07:48
LogInit: Compiled with Visual C++: 19.24.28315.00
LogInit: Build Configuration: Development
LogInit: Branch Name: ++UE4+Release-4.25
LogInit: Command Line:  -EpicPortal -epicusername=Manukun -epicuserid=f091e096ee804609a3a9a03e5b0b33d9 -epiclocale=en
LogInit: Base Directory: D:/DATA/Epic Games/UE_4.25/Engine/Binaries/Win64/
LogInit: Allocator: TBB
LogInit: Installed Engine Build: 1
LogDevObjectVersion: Number of dev versions registered: 26
LogDevObjectVersion:   Dev-Blueprints (B0D832E4-1F89-4F0D-ACCF-7EB736FD4AA2): 10
LogDevObjectVersion:   Dev-Build (E1C64328-A22C-4D53-A36C-8E866417BD8C): 0
LogDevObjectVersion:   Dev-Core (375EC13C-06E4-48FB-B500-84F0262A717E): 4
LogDevObjectVersion:   Dev-Editor (E4B068ED-F494-42E9-A231-DA0B2E46BB41): 38
LogDevObjectVersion:   Dev-Framework (CFFC743F-43B0-4480-9391-14DF171D2073): 37
LogDevObjectVersion:   Dev-Mobile (B02B49B5-BB20-44E9-A304-32B752E40360): 2
LogDevObjectVersion:   Dev-Networking (A4E4105C-59A1-49B5-A7C5-40C4547EDFEE): 0
LogDevObjectVersion:   Dev-Online (39C831C9-5AE6-47DC-9A44-9C173E1C8E7C): 0
LogDevObjectVersion:   Dev-Physics (78F01B33-EBEA-4F98-B9B4-84EACCB95AA2): 4
LogDevObjectVersion:   Dev-Platform (6631380F-2D4D-43E0-8009-CF276956A95A): 0
LogDevObjectVersion:   Dev-Rendering (12F88B9F-8875-4AFC-A67C-D90C383ABD29): 43
LogDevObjectVersion:   Dev-Sequencer (7B5AE74C-D270-4C10-A958-57980B212A5A): 12
LogDevObjectVersion:   Dev-VR (D7296918-1DD6-4BDD-9DE2-64A83CC13884): 3
LogDevObjectVersion:   Dev-LoadTimes (C2A15278-BFE7-4AFE-6C17-90FF531DF755): 1
LogDevObjectVersion:   Private-Geometry (6EACA3D4-40EC-4CC1-B786-8BED09428FC5): 3
LogDevObjectVersion:   Dev-AnimPhys (29E575DD-E0A3-4627-9D10-D276232CDCEA): 17
LogDevObjectVersion:   Dev-Anim (AF43A65D-7FD3-4947-9873-3E8ED9C1BB05): 7
LogDevObjectVersion:   Dev-ReflectionCapture (6B266CEC-1EC7-4B8F-A30B-E4D90942FC07): 1
LogDevObjectVersion:   Dev-Automation (0DF73D61-A23F-47EA-B727-89E90C41499A): 1
LogDevObjectVersion:   FortniteMain (601D1886-AC64-4F84-AA16-D3DE0DEAC7D6): 31
LogDevObjectVersion:   Dev-Enterprise (9DFFBCD6-494F-0158-E221-12823C92A888): 10
LogDevObjectVersion:   Dev-Niagara (F2AED0AC-9AFE-416F-8664-AA7FFA26D6FC): 1
LogDevObjectVersion:   Dev-Destruction (174F1F0B-B4C6-45A5-B13F-2EE8D0FB917D): 10
LogDevObjectVersion:   Dev-Physics-Ext (35F94A83-E258-406C-A318-09F59610247C): 37
LogDevObjectVersion:   Dev-PhysicsMaterial-Chaos (B68FC16E-8B1B-42E2-B453-215C058844FE): 1
LogDevObjectVersion:   Dev-CineCamera (B2E18506-4273-CFC2-A54E-F4BB758BBA07): 1
LogInit: Presizing for max 25165824 objects, including 0 objects not considered by GC, pre-allocating 0 bytes for permanent pool.
LogConfig: Applying CVar settings from Section [/Script/Engine.StreamingSettings] File [D:/DATA/ProyectosUE/FindingThings/Saved/Config/Windows/Engine.ini]
LogConfig: Setting CVar [[s.MinBulkDataSizeForAsyncLoading:131072]]
LogConfig: Setting CVar [[s.AsyncLoadingThreadEnabled:0]]
LogConfig: Setting CVar [[s.EventDrivenLoaderEnabled:1]]
LogConfig: Setting CVar [[s.WarnIfTimeLimitExceeded:0]]
LogConfig: Setting CVar [[s.TimeLimitExceededMultiplier:1.5]]
LogConfig: Setting CVar [[s.TimeLimitExceededMinTime:0.005]]
LogConfig: Setting CVar [[s.UseBackgroundLevelStreaming:1]]
LogConfig: Setting CVar [[s.PriorityAsyncLoadingExtraTime:15.0]]
LogConfig: Setting CVar [[s.LevelStreamingActorsUpdateTimeLimit:5.0]]
LogConfig: Setting CVar [[s.PriorityLevelStreamingActorsUpdateExtraTime:5.0]]
LogConfig: Setting CVar [[s.LevelStreamingComponentsRegistrationGranularity:10]]
LogConfig: Setting CVar [[s.UnregisterComponentsTimeLimit:1.0]]
LogConfig: Setting CVar [[s.LevelStreamingComponentsUnregistrationGranularity:5]]
LogConfig: Setting CVar [[s.FlushStreamingOnExit:1]]
LogInit: Object subsystem initialized
LogConfig: Setting CVar [[con.DebugEarlyDefault:1]]
LogConfig: Setting CVar [[r.setres:1280x720]]
[2020.09.12-23.37.55:919][  0]LogConfig: Setting CVar [[r.VSync:0]]
[2020.09.12-23.37.55:919][  0]LogConfig: Setting CVar [[r.RHICmdBypass:0]]
[2020.09.12-23.37.55:919][  0]LogConfig: Applying CVar settings from Section [/Script/Engine.RendererSettings] File [D:/DATA/ProyectosUE/FindingThings/Saved/Config/Windows/Engine.ini]
[2020.09.12-23.37.55:919][  0]LogConfig: Setting CVar [[r.GPUCrashDebugging:0]]
[2020.09.12-23.37.55:919][  0]LogConfig: Applying CVar settings from Section [/Script/Engine.RendererOverrideSettings] File [D:/DATA/ProyectosUE/FindingThings/Saved/Config/Windows/Engine.ini]
[2020.09.12-23.37.55:919][  0]LogConfig: Applying CVar settings from Section [/Script/Engine.StreamingSettings] File [D:/DATA/ProyectosUE/FindingThings/Saved/Config/Windows/Engine.ini]
[2020.09.12-23.37.55:919][  0]LogConfig: Setting CVar [[s.MinBulkDataSizeForAsyncLoading:131072]]
[2020.09.12-23.37.55:919][  0]LogConfig: Setting CVar [[s.AsyncLoadingThreadEnabled:0]]
[2020.09.12-23.37.55:919][  0]LogConfig: Setting CVar [[s.EventDrivenLoaderEnabled:1]]
[2020.09.12-23.37.55:919][  0]LogConfig: Setting CVar [[s.WarnIfTimeLimitExceeded:0]]
[2020.09.12-23.37.55:919][  0]LogConfig: Setting CVar [[s.TimeLimitExceededMultiplier:1.5]]
[2020.09.12-23.37.55:919][  0]LogConfig: Setting CVar [[s.TimeLimitExceededMinTime:0.005]]
[2020.09.12-23.37.55:919][  0]LogConfig: Setting CVar [[s.UseBackgroundLevelStreaming:1]]
[2020.09.12-23.37.55:919][  0]LogConfig: Setting CVar [[s.PriorityAsyncLoadingExtraTime:15.0]]
[2020.09.12-23.37.55:919][  0]LogConfig: Setting CVar [[s.LevelStreamingActorsUpdateTimeLimit:5.0]]
[2020.09.12-23.37.55:919][  0]LogConfig: Setting CVar [[s.PriorityLevelStreamingActorsUpdateExtraTime:5.0]]
[2020.09.12-23.37.55:919][  0]LogConfig: Setting CVar [[s.LevelStreamingComponentsRegistrationGranularity:10]]
[2020.09.12-23.37.55:919][  0]LogConfig: Setting CVar [[s.UnregisterComponentsTimeLimit:1.0]]
[2020.09.12-23.37.55:919][  0]LogConfig: Setting CVar [[s.LevelStreamingComponentsUnregistrationGranularity:5]]
[2020.09.12-23.37.55:919][  0]LogConfig: Setting CVar [[s.FlushStreamingOnExit:1]]
[2020.09.12-23.37.55:919][  0]LogConfig: Applying CVar settings from Section [/Script/Engine.GarbageCollectionSettings] File [D:/DATA/ProyectosUE/FindingThings/Saved/Config/Windows/Engine.ini]
[2020.09.12-23.37.55:919][  0]LogConfig: Setting CVar [[gc.MaxObjectsNotConsideredByGC:1]]
[2020.09.12-23.37.55:919][  0]LogConfig: Setting CVar [[gc.SizeOfPermanentObjectPool:0]]
[2020.09.12-23.37.55:919][  0]LogConfig: Setting CVar [[gc.FlushStreamingOnGC:0]]
[2020.09.12-23.37.55:919][  0]LogConfig: Setting CVar [[gc.NumRetriesBeforeForcingGC:10]]
[2020.09.12-23.37.55:919][  0]LogConfig: Setting CVar [[gc.AllowParallelGC:1]]
[2020.09.12-23.37.55:919][  0]LogConfig: Setting CVar [[gc.TimeBetweenPurgingPendingKillObjects:61.1]]
[2020.09.12-23.37.55:919][  0]LogConfig: Setting CVar [[gc.MaxObjectsInEditor:25165824]]
[2020.09.12-23.37.55:919][  0]LogConfig: Setting CVar [[gc.IncrementalBeginDestroyEnabled:1]]
[2020.09.12-23.37.55:919][  0]LogConfig: Setting CVar [[gc.CreateGCClusters:1]]
[2020.09.12-23.37.55:919][  0]LogConfig: Setting CVar [[gc.MinGCClusterSize:5]]
[2020.09.12-23.37.55:919][  0]LogConfig: Setting CVar [[gc.ActorClusteringEnabled:0]]
[2020.09.12-23.37.55:919][  0]LogConfig: Setting CVar [[gc.BlueprintClusteringEnabled:0]]
[2020.09.12-23.37.55:919][  0]LogConfig: Setting CVar [[gc.UseDisregardForGCOnDedicatedServers:0]]
[2020.09.12-23.37.55:919][  0]LogConfig: Applying CVar settings from Section [/Script/Engine.NetworkSettings] File [D:/DATA/ProyectosUE/FindingThings/Saved/Config/Windows/Engine.ini]
[2020.09.12-23.37.55:919][  0]LogConfig: Applying CVar settings from Section [/Script/UnrealEd.CookerSettings] File [D:/DATA/ProyectosUE/FindingThings/Saved/Config/Windows/Engine.ini]
[2020.09.12-23.37.55:924][  0]LogConfig: Applying CVar settings from Section [ViewDistanceQuality@3] File [D:/DATA/ProyectosUE/FindingThings/Saved/Config/Windows/Scalability.ini]
[2020.09.12-23.37.55:924][  0]LogConfig: Setting CVar [[r.SkeletalMeshLODBias:0]]
[2020.09.12-23.37.55:924][  0]LogConfig: Setting CVar [[r.ViewDistanceScale:1.0]]
[2020.09.12-23.37.55:924][  0]LogConfig: Applying CVar settings from Section [AntiAliasingQuality@3] File [D:/DATA/ProyectosUE/FindingThings/Saved/Config/Windows/Scalability.ini]
[2020.09.12-23.37.55:924][  0]LogConfig: Setting CVar [[r.PostProcessAAQuality:4]]
[2020.09.12-23.37.55:924][  0]LogConfig: Applying CVar settings from Section [ShadowQuality@3] File [D:/DATA/ProyectosUE/FindingThings/Saved/Config/Windows/Scalability.ini]
[2020.09.12-23.37.55:924][  0]LogConfig: Setting CVar [[r.LightFunctionQuality:1]]
[2020.09.12-23.37.55:924][  0]LogConfig: Setting CVar [[r.ShadowQuality:5]]
[2020.09.12-23.37.55:924][  0]LogConfig: Setting CVar [[r.Shadow.CSM.MaxCascades:10]]
[2020.09.12-23.37.55:924][  0]LogConfig: Setting CVar [[r.Shadow.MaxResolution:2048]]
[2020.09.12-23.37.55:924][  0]LogConfig: Setting CVar [[r.Shadow.MaxCSMResolution:2048]]
[2020.09.12-23.37.55:924][  0]LogConfig: Setting CVar [[r.Shadow.RadiusThreshold:0.01]]
[2020.09.12-23.37.55:925][  0]LogConfig: Setting CVar [[r.Shadow.DistanceScale:1.0]]
[2020.09.12-23.37.55:925][  0]LogConfig: Setting CVar [[r.Shadow.CSM.TransitionScale:1.0]]
[2020.09.12-23.37.55:925][  0]LogConfig: Setting CVar [[r.Shadow.PreShadowResolutionFactor:1.0]]
[2020.09.12-23.37.55:925][  0]LogConfig: Setting CVar [[r.DistanceFieldShadowing:1]]
[2020.09.12-23.37.55:925][  0]LogConfig: Setting CVar [[r.DistanceFieldAO:1]]
[2020.09.12-23.37.55:925][  0]LogConfig: Setting CVar [[r.AOQuality:2]]
[2020.09.12-23.37.55:925][  0]LogConfig: Setting CVar [[r.VolumetricFog:1]]
[2020.09.12-23.37.55:925][  0]LogConfig: Setting CVar [[r.VolumetricFog.GridPixelSize:8]]
[2020.09.12-23.37.55:925][  0]LogConfig: Setting CVar [[r.VolumetricFog.GridSizeZ:128]]
[2020.09.12-23.37.55:925][  0]LogConfig: Setting CVar [[r.VolumetricFog.HistoryMissSupersampleCount:4]]
[2020.09.12-23.37.55:925][  0]LogConfig: Setting CVar [[r.LightMaxDrawDistanceScale:1]]
[2020.09.12-23.37.55:925][  0]LogConfig: Setting CVar [[r.CapsuleShadows:1]]
[2020.09.12-23.37.55:925][  0]LogConfig: Applying CVar settings from Section [PostProcessQuality@3] File [D:/DATA/ProyectosUE/FindingThings/Saved/Config/Windows/Scalability.ini]
[2020.09.12-23.37.55:925][  0]LogConfig: Setting CVar [[r.MotionBlurQuality:4]]
[2020.09.12-23.37.55:925][  0]LogConfig: Setting CVar [[r.AmbientOcclusionMipLevelFactor:0.4]]
[2020.09.12-23.37.55:925][  0]LogConfig: Setting CVar [[r.AmbientOcclusionMaxQuality:100]]
[2020.09.12-23.37.55:925][  0]LogConfig: Setting CVar [[r.AmbientOcclusionLevels:-1]]
[2020.09.12-23.37.55:925][  0]LogConfig: Setting CVar [[r.AmbientOcclusionRadiusScale:1.0]]
[2020.09.12-23.37.55:925][  0]LogConfig: Setting CVar [[r.DepthOfFieldQuality:2]]
[2020.09.12-23.37.55:925][  0]LogConfig: Setting CVar [[r.RenderTargetPoolMin:400]]
[2020.09.12-23.37.55:925][  0]LogConfig: Setting CVar [[r.LensFlareQuality:2]]
[2020.09.12-23.37.55:925][  0]LogConfig: Setting CVar [[r.SceneColorFringeQuality:1]]
[2020.09.12-23.37.55:925][  0]LogConfig: Setting CVar [[r.EyeAdaptationQuality:2]]
[2020.09.12-23.37.55:925][  0]LogConfig: Setting CVar [[r.BloomQuality:5]]
[2020.09.12-23.37.55:925][  0]LogConfig: Setting CVar [[r.FastBlurThreshold:100]]
[2020.09.12-23.37.55:925][  0]LogConfig: Setting CVar [[r.Upscale.Quality:3]]
[2020.09.12-23.37.55:925][  0]LogConfig: Setting CVar [[r.Tonemapper.GrainQuantization:1]]
[2020.09.12-23.37.55:925][  0]LogConfig: Setting CVar [[r.LightShaftQuality:1]]
[2020.09.12-23.37.55:925][  0]LogConfig: Setting CVar [[r.Filter.SizeScale:1]]
[2020.09.12-23.37.55:925][  0]LogConfig: Setting CVar [[r.Tonemapper.Quality:5]]
[2020.09.12-23.37.55:925][  0]LogConfig: Setting CVar [[r.DOF.Gather.AccumulatorQuality:1        ; higher gathering accumulator quality]]
[2020.09.12-23.37.55:925][  0]LogConfig: Setting CVar [[r.DOF.Gather.PostfilterMethod:1          ; Median3x3 postfilering method]]
[2020.09.12-23.37.55:925][  0]LogConfig: Setting CVar [[r.DOF.Gather.EnableBokehSettings:0       ; no bokeh simulation when gathering]]
[2020.09.12-23.37.55:925][  0]LogConfig: Setting CVar [[r.DOF.Gather.RingCount:4                 ; medium number of samples when gathering]]
[2020.09.12-23.37.55:925][  0]LogConfig: Setting CVar [[r.DOF.Scatter.ForegroundCompositing:1    ; additive foreground scattering]]
[2020.09.12-23.37.55:925][  0]LogConfig: Setting CVar [[r.DOF.Scatter.BackgroundCompositing:2    ; additive background scattering]]
[2020.09.12-23.37.55:925][  0]LogConfig: Setting CVar [[r.DOF.Scatter.EnableBokehSettings:1      ; bokeh simulation when scattering]]
[2020.09.12-23.37.55:925][  0]LogConfig: Setting CVar [[r.DOF.Scatter.MaxSpriteRatio:0.1         ; only a maximum of 10% of scattered bokeh]]
[2020.09.12-23.37.55:925][  0]LogConfig: Setting CVar [[r.DOF.Recombine.Quality:1                ; cheap slight out of focus]]
[2020.09.12-23.37.55:925][  0]LogConfig: Setting CVar [[r.DOF.Recombine.EnableBokehSettings:0    ; no bokeh simulation on slight out of focus]]
[2020.09.12-23.37.55:925][  0]LogConfig: Setting CVar [[r.DOF.TemporalAAQuality:1                ; more stable temporal accumulation]]
[2020.09.12-23.37.55:925][  0]LogConfig: Setting CVar [[r.DOF.Kernel.MaxForegroundRadius:0.025]]
[2020.09.12-23.37.55:925][  0]LogConfig: Setting CVar [[r.DOF.Kernel.MaxBackgroundRadius:0.025]]
[2020.09.12-23.37.55:925][  0]LogConfig: Applying CVar settings from Section [TextureQuality@3] File [D:/DATA/ProyectosUE/FindingThings/Saved/Config/Windows/Scalability.ini]
[2020.09.12-23.37.55:925][  0]LogConfig: Setting CVar [[r.Streaming.MipBias:0]]
[2020.09.12-23.37.55:925][  0]LogConfig: Setting CVar [[r.Streaming.AmortizeCPUToGPUCopy:0]]
[2020.09.12-23.37.55:925][  0]LogConfig: Setting CVar [[r.Streaming.MaxNumTexturesToStreamPerFrame:0]]
[2020.09.12-23.37.55:925][  0]LogConfig: Setting CVar [[r.Streaming.Boost:1]]
[2020.09.12-23.37.55:925][  0]LogConfig: Setting CVar [[r.MaxAnisotropy:8]]
[2020.09.12-23.37.55:925][  0]LogConfig: Setting CVar [[r.VT.MaxAnisotropy:8]]
[2020.09.12-23.37.55:925][  0]LogConfig: Setting CVar [[r.Streaming.LimitPoolSizeToVRAM:0]]
[2020.09.12-23.37.55:926][  0]LogConfig: Setting CVar [[r.Streaming.PoolSize:1000]]
[2020.09.12-23.37.55:926][  0]LogConfig: Setting CVar [[r.Streaming.MaxEffectiveScreenSize:0]]
[2020.09.12-23.37.55:926][  0]LogConfig: Applying CVar settings from Section [EffectsQuality@3] File [D:/DATA/ProyectosUE/FindingThings/Saved/Config/Windows/Scalability.ini]
[2020.09.12-23.37.55:926][  0]LogConfig: Setting CVar [[r.TranslucencyLightingVolumeDim:64]]
[2020.09.12-23.37.55:926][  0]LogConfig: Setting CVar [[r.RefractionQuality:2]]
[2020.09.12-23.37.55:926][  0]LogConfig: Setting CVar [[r.SSR.Quality:3]]
[2020.09.12-23.37.55:926][  0]LogConfig: Setting CVar [[r.SSR.HalfResSceneColor:0]]
[2020.09.12-23.37.55:926][  0]LogConfig: Setting CVar [[r.SceneColorFormat:4]]
[2020.09.12-23.37.55:926][  0]LogConfig: Setting CVar [[r.DetailMode:2]]
[2020.09.12-23.37.55:926][  0]LogConfig: Setting CVar [[r.TranslucencyVolumeBlur:1]]
[2020.09.12-23.37.55:926][  0]LogConfig: Setting CVar [[r.MaterialQualityLevel:1 ; High quality]]
[2020.09.12-23.37.55:926][  0]LogConfig: Setting CVar [[r.SSS.Scale:1]]
[2020.09.12-23.37.55:926][  0]LogConfig: Setting CVar [[r.SSS.SampleSet:2]]
[2020.09.12-23.37.55:926][  0]LogConfig: Setting CVar [[r.SSS.Quality:1]]
[2020.09.12-23.37.55:926][  0]LogConfig: Setting CVar [[r.SSS.HalfRes:0]]
[2020.09.12-23.37.55:926][  0]LogConfig: Setting CVar [[r.SSGI.Quality:3]]
[2020.09.12-23.37.55:926][  0]LogConfig: Setting CVar [[r.EmitterSpawnRateScale:1.0]]
[2020.09.12-23.37.55:926][  0]LogConfig: Setting CVar [[r.ParticleLightQuality:2]]
[2020.09.12-23.37.55:926][  0]LogConfig: Setting CVar [[r.SkyAtmosphere.AerialPerspectiveLUT.FastApplyOnOpaque:1 ; Always have FastSkyLUT 1 in this case to avoid wrong sky]]
[2020.09.12-23.37.55:926][  0]LogConfig: Setting CVar [[r.SkyAtmosphere.AerialPerspectiveLUT.SampleCountPerSlice:1]]
[2020.09.12-23.37.55:926][  0]LogConfig: Setting CVar [[r.SkyAtmosphere.AerialPerspectiveLUT.DepthResolution:16.0]]
[2020.09.12-23.37.55:926][  0]LogConfig: Setting CVar [[r.SkyAtmosphere.FastSkyLUT:1]]
[2020.09.12-23.37.55:926][  0]LogConfig: Setting CVar [[r.SkyAtmosphere.FastSkyLUT.SampleCountMin:4.0]]
[2020.09.12-23.37.55:926][  0]LogConfig: Setting CVar [[r.SkyAtmosphere.FastSkyLUT.SampleCountMax:32.0]]
[2020.09.12-23.37.55:926][  0]LogConfig: Setting CVar [[r.SkyAtmosphere.SampleCountMin:4.0]]
[2020.09.12-23.37.55:926][  0]LogConfig: Setting CVar [[r.SkyAtmosphere.SampleCountMax:32.0]]
[2020.09.12-23.37.55:926][  0]LogConfig: Setting CVar [[r.SkyAtmosphere.TransmittanceLUT.UseSmallFormat:0]]
[2020.09.12-23.37.55:926][  0]LogConfig: Setting CVar [[r.SkyAtmosphere.TransmittanceLUT.SampleCount:10.0]]
[2020.09.12-23.37.55:926][  0]LogConfig: Setting CVar [[r.SkyAtmosphere.MultiScatteringLUT.SampleCount:15.0]]
[2020.09.12-23.37.55:926][  0]LogConfig: Applying CVar settings from Section [FoliageQuality@3] File [D:/DATA/ProyectosUE/FindingThings/Saved/Config/Windows/Scalability.ini]
[2020.09.12-23.37.55:926][  0]LogConfig: Setting CVar [[foliage.DensityScale:1.0]]
[2020.09.12-23.37.55:926][  0]LogConfig: Setting CVar [[grass.DensityScale:1.0]]
[2020.09.12-23.37.55:926][  0]LogConfig: Applying CVar settings from Section [ShadingQuality@3] File [D:/DATA/ProyectosUE/FindingThings/Saved/Config/Windows/Scalability.ini]
[2020.09.12-23.37.55:926][  0]LogConfig: Setting CVar [[r.HairStrands.SkyLighting.SampleCount:16]]
[2020.09.12-23.37.55:926][  0]LogConfig: Setting CVar [[r.HairStrands.SkyLighting.JitterIntegration:0]]
[2020.09.12-23.37.55:926][  0]LogConfig: Setting CVar [[r.HairStrands.SkyAO.SampleCount:16]]
[2020.09.12-23.37.55:926][  0]LogConfig: Setting CVar [[r.HairStrands.DeepShadow.SuperSampling:0]]
[2020.09.12-23.37.55:926][  0]LogConfig: Setting CVar [[r.HairStrands.VisibilityPPLL:0]]
[2020.09.12-23.37.55:926][  0]LogConfig: Setting CVar [[r.HairStrands.RasterizationScale:0.5]]
[2020.09.12-23.37.55:926][  0]LogConfig: Setting CVar [[r.HairStrands.VelocityRasterizationScale:1]]
[2020.09.12-23.37.55:926][  0]LogInit: Selected Device Profile: [Windows]
[2020.09.12-23.37.55:926][  0]LogInit: Applying CVar settings loaded from the selected device profile: [Windows]
[2020.09.12-23.37.55:926][  0]LogHAL: Display: Platform has ~ 12 GB [12758286336 / 17179869184 / 12], which maps to Larger [LargestMinGB=32, LargerMinGB=12, DefaultMinGB=8, SmallerMinGB=6, SmallestMinGB=0)
[2020.09.12-23.37.55:926][  0]LogInit: Going up to parent DeviceProfile []
[2020.09.12-23.37.55:926][  0]LogConfig: Applying CVar settings from Section [ViewDistanceQuality@3] File [D:/DATA/ProyectosUE/FindingThings/Saved/Config/Windows/Scalability.ini]
[2020.09.12-23.37.55:926][  0]LogConfig: Setting CVar [[r.SkeletalMeshLODBias:0]]
[2020.09.12-23.37.55:926][  0]LogConfig: Setting CVar [[r.ViewDistanceScale:1.0]]
[2020.09.12-23.37.55:926][  0]LogConfig: Applying CVar settings from Section [AntiAliasingQuality@3] File [D:/DATA/ProyectosUE/FindingThings/Saved/Config/Windows/Scalability.ini]
[2020.09.12-23.37.55:926][  0]LogConfig: Setting CVar [[r.PostProcessAAQuality:4]]
[2020.09.12-23.37.55:926][  0]LogConfig: Applying CVar settings from Section [ShadowQuality@3] File [D:/DATA/ProyectosUE/FindingThings/Saved/Config/Windows/Scalability.ini]
[2020.09.12-23.37.55:927][  0]LogConfig: Setting CVar [[r.LightFunctionQuality:1]]
[2020.09.12-23.37.55:927][  0]LogConfig: Setting CVar [[r.ShadowQuality:5]]
[2020.09.12-23.37.55:927][  0]LogConfig: Setting CVar [[r.Shadow.CSM.MaxCascades:10]]
[2020.09.12-23.37.55:927][  0]LogConfig: Setting CVar [[r.Shadow.MaxResolution:2048]]
[2020.09.12-23.37.55:927][  0]LogConfig: Setting CVar [[r.Shadow.MaxCSMResolution:2048]]
[2020.09.12-23.37.55:927][  0]LogConfig: Setting CVar [[r.Shadow.RadiusThreshold:0.01]]
[2020.09.12-23.37.55:927][  0]LogConfig: Setting CVar [[r.Shadow.DistanceScale:1.0]]
[2020.09.12-23.37.55:927][  0]LogConfig: Setting CVar [[r.Shadow.CSM.TransitionScale:1.0]]
[2020.09.12-23.37.55:927][  0]LogConfig: Setting CVar [[r.Shadow.PreShadowResolutionFactor:1.0]]
[2020.09.12-23.37.55:927][  0]LogConfig: Setting CVar [[r.DistanceFieldShadowing:1]]
[2020.09.12-23.37.55:927][  0]LogConfig: Setting CVar [[r.DistanceFieldAO:1]]
[2020.09.12-23.37.55:927][  0]LogConfig: Setting CVar [[r.AOQuality:2]]
[2020.09.12-23.37.55:927][  0]LogConfig: Setting CVar [[r.VolumetricFog:1]]
[2020.09.12-23.37.55:927][  0]LogConfig: Setting CVar [[r.VolumetricFog.GridPixelSize:8]]
[2020.09.12-23.37.55:927][  0]LogConfig: Setting CVar [[r.VolumetricFog.GridSizeZ:128]]
[2020.09.12-23.37.55:927][  0]LogConfig: Setting CVar [[r.VolumetricFog.HistoryMissSupersampleCount:4]]
[2020.09.12-23.37.55:927][  0]LogConfig: Setting CVar [[r.LightMaxDrawDistanceScale:1]]
[2020.09.12-23.37.55:927][  0]LogConfig: Setting CVar [[r.CapsuleShadows:1]]
[2020.09.12-23.37.55:927][  0]LogConfig: Applying CVar settings from Section [PostProcessQuality@3] File [D:/DATA/ProyectosUE/FindingThings/Saved/Config/Windows/Scalability.ini]
[2020.09.12-23.37.55:927][  0]LogConfig: Setting CVar [[r.MotionBlurQuality:4]]
[2020.09.12-23.37.55:927][  0]LogConfig: Setting CVar [[r.AmbientOcclusionMipLevelFactor:0.4]]
[2020.09.12-23.37.55:927][  0]LogConfig: Setting CVar [[r.AmbientOcclusionMaxQuality:100]]
[2020.09.12-23.37.55:927][  0]LogConfig: Setting CVar [[r.AmbientOcclusionLevels:-1]]
[2020.09.12-23.37.55:927][  0]LogConfig: Setting CVar [[r.AmbientOcclusionRadiusScale:1.0]]
[2020.09.12-23.37.55:927][  0]LogConfig: Setting CVar [[r.DepthOfFieldQuality:2]]
[2020.09.12-23.37.55:927][  0]LogConfig: Setting CVar [[r.RenderTargetPoolMin:400]]
[2020.09.12-23.37.55:927][  0]LogConfig: Setting CVar [[r.LensFlareQuality:2]]
[2020.09.12-23.37.55:927][  0]LogConfig: Setting CVar [[r.SceneColorFringeQuality:1]]
[2020.09.12-23.37.55:927][  0]LogConfig: Setting CVar [[r.EyeAdaptationQuality:2]]
[2020.09.12-23.37.55:927][  0]LogConfig: Setting CVar [[r.BloomQuality:5]]
[2020.09.12-23.37.55:927][  0]LogConfig: Setting CVar [[r.FastBlurThreshold:100]]
[2020.09.12-23.37.55:927][  0]LogConfig: Setting CVar [[r.Upscale.Quality:3]]
[2020.09.12-23.37.55:927][  0]LogConfig: Setting CVar [[r.Tonemapper.GrainQuantization:1]]
[2020.09.12-23.37.55:927][  0]LogConfig: Setting CVar [[r.LightShaftQuality:1]]
[2020.09.12-23.37.55:927][  0]LogConfig: Setting CVar [[r.Filter.SizeScale:1]]
[2020.09.12-23.37.55:927][  0]LogConfig: Setting CVar [[r.Tonemapper.Quality:5]]
[2020.09.12-23.37.55:927][  0]LogConfig: Setting CVar [[r.DOF.Gather.AccumulatorQuality:1        ; higher gathering accumulator quality]]
[2020.09.12-23.37.55:927][  0]LogConfig: Setting CVar [[r.DOF.Gather.PostfilterMethod:1          ; Median3x3 postfilering method]]
[2020.09.12-23.37.55:927][  0]LogConfig: Setting CVar [[r.DOF.Gather.EnableBokehSettings:0       ; no bokeh simulation when gathering]]
[2020.09.12-23.37.55:927][  0]LogConfig: Setting CVar [[r.DOF.Gather.RingCount:4                 ; medium number of samples when gathering]]
[2020.09.12-23.37.55:927][  0]LogConfig: Setting CVar [[r.DOF.Scatter.ForegroundCompositing:1    ; additive foreground scattering]]
[2020.09.12-23.37.55:927][  0]LogConfig: Setting CVar [[r.DOF.Scatter.BackgroundCompositing:2    ; additive background scattering]]
[2020.09.12-23.37.55:927][  0]LogConfig: Setting CVar [[r.DOF.Scatter.EnableBokehSettings:1      ; bokeh simulation when scattering]]
[2020.09.12-23.37.55:927][  0]LogConfig: Setting CVar [[r.DOF.Scatter.MaxSpriteRatio:0.1         ; only a maximum of 10% of scattered bokeh]]
[2020.09.12-23.37.55:927][  0]LogConfig: Setting CVar [[r.DOF.Recombine.Quality:1                ; cheap slight out of focus]]
[2020.09.12-23.37.55:927][  0]LogConfig: Setting CVar [[r.DOF.Recombine.EnableBokehSettings:0    ; no bokeh simulation on slight out of focus]]
[2020.09.12-23.37.55:927][  0]LogConfig: Setting CVar [[r.DOF.TemporalAAQuality:1                ; more stable temporal accumulation]]
[2020.09.12-23.37.55:927][  0]LogConfig: Setting CVar [[r.DOF.Kernel.MaxForegroundRadius:0.025]]
[2020.09.12-23.37.55:927][  0]LogConfig: Setting CVar [[r.DOF.Kernel.MaxBackgroundRadius:0.025]]
[2020.09.12-23.37.55:927][  0]LogConfig: Applying CVar settings from Section [TextureQuality@3] File [D:/DATA/ProyectosUE/FindingThings/Saved/Config/Windows/Scalability.ini]
[2020.09.12-23.37.55:927][  0]LogConfig: Setting CVar [[r.Streaming.MipBias:0]]
[2020.09.12-23.37.55:927][  0]LogConfig: Setting CVar [[r.Streaming.AmortizeCPUToGPUCopy:0]]
[2020.09.12-23.37.55:927][  0]LogConfig: Setting CVar [[r.Streaming.MaxNumTexturesToStreamPerFrame:0]]
[2020.09.12-23.37.55:927][  0]LogConfig: Setting CVar [[r.Streaming.Boost:1]]
[2020.09.12-23.37.55:927][  0]LogConfig: Setting CVar [[r.MaxAnisotropy:8]]
[2020.09.12-23.37.55:927][  0]LogConfig: Setting CVar [[r.VT.MaxAnisotropy:8]]
[2020.09.12-23.37.55:927][  0]LogConfig: Setting CVar [[r.Streaming.LimitPoolSizeToVRAM:0]]
[2020.09.12-23.37.55:927][  0]LogConfig: Setting CVar [[r.Streaming.PoolSize:1000]]
[2020.09.12-23.37.55:927][  0]LogConfig: Setting CVar [[r.Streaming.MaxEffectiveScreenSize:0]]
[2020.09.12-23.37.55:927][  0]LogConfig: Applying CVar settings from Section [EffectsQuality@3] File [D:/DATA/ProyectosUE/FindingThings/Saved/Config/Windows/Scalability.ini]
[2020.09.12-23.37.55:927][  0]LogConfig: Setting CVar [[r.TranslucencyLightingVolumeDim:64]]
[2020.09.12-23.37.55:927][  0]LogConfig: Setting CVar [[r.RefractionQuality:2]]
[2020.09.12-23.37.55:927][  0]LogConfig: Setting CVar [[r.SSR.Quality:3]]
[2020.09.12-23.37.55:927][  0]LogConfig: Setting CVar [[r.SSR.HalfResSceneColor:0]]
[2020.09.12-23.37.55:927][  0]LogConfig: Setting CVar [[r.SceneColorFormat:4]]
[2020.09.12-23.37.55:927][  0]LogConfig: Setting CVar [[r.DetailMode:2]]
[2020.09.12-23.37.55:927][  0]LogConfig: Setting CVar [[r.TranslucencyVolumeBlur:1]]
[2020.09.12-23.37.55:927][  0]LogConfig: Setting CVar [[r.MaterialQualityLevel:1 ; High quality]]
[2020.09.12-23.37.55:927][  0]LogConfig: Setting CVar [[r.SSS.Scale:1]]
[2020.09.12-23.37.55:927][  0]LogConfig: Setting CVar [[r.SSS.SampleSet:2]]
[2020.09.12-23.37.55:927][  0]LogConfig: Setting CVar [[r.SSS.Quality:1]]
[2020.09.12-23.37.55:927][  0]LogConfig: Setting CVar [[r.SSS.HalfRes:0]]
[2020.09.12-23.37.55:927][  0]LogConfig: Setting CVar [[r.SSGI.Quality:3]]
[2020.09.12-23.37.55:928][  0]LogConfig: Setting CVar [[r.EmitterSpawnRateScale:1.0]]
[2020.09.12-23.37.55:928][  0]LogConfig: Setting CVar [[r.ParticleLightQuality:2]]
[2020.09.12-23.37.55:928][  0]LogConfig: Setting CVar [[r.SkyAtmosphere.AerialPerspectiveLUT.FastApplyOnOpaque:1 ; Always have FastSkyLUT 1 in this case to avoid wrong sky]]
[2020.09.12-23.37.55:928][  0]LogConfig: Setting CVar [[r.SkyAtmosphere.AerialPerspectiveLUT.SampleCountPerSlice:1]]
[2020.09.12-23.37.55:928][  0]LogConfig: Setting CVar [[r.SkyAtmosphere.AerialPerspectiveLUT.DepthResolution:16.0]]
[2020.09.12-23.37.55:928][  0]LogConfig: Setting CVar [[r.SkyAtmosphere.FastSkyLUT:1]]
[2020.09.12-23.37.55:928][  0]LogConfig: Setting CVar [[r.SkyAtmosphere.FastSkyLUT.SampleCountMin:4.0]]
[2020.09.12-23.37.55:928][  0]LogConfig: Setting CVar [[r.SkyAtmosphere.FastSkyLUT.SampleCountMax:32.0]]
[2020.09.12-23.37.55:928][  0]LogConfig: Setting CVar [[r.SkyAtmosphere.SampleCountMin:4.0]]
[2020.09.12-23.37.55:928][  0]LogConfig: Setting CVar [[r.SkyAtmosphere.SampleCountMax:32.0]]
[2020.09.12-23.37.55:928][  0]LogConfig: Setting CVar [[r.SkyAtmosphere.TransmittanceLUT.UseSmallFormat:0]]
[2020.09.12-23.37.55:928][  0]LogConfig: Setting CVar [[r.SkyAtmosphere.TransmittanceLUT.SampleCount:10.0]]
[2020.09.12-23.37.55:928][  0]LogConfig: Setting CVar [[r.SkyAtmosphere.MultiScatteringLUT.SampleCount:15.0]]
[2020.09.12-23.37.55:928][  0]LogConfig: Applying CVar settings from Section [FoliageQuality@3] File [D:/DATA/ProyectosUE/FindingThings/Saved/Config/Windows/Scalability.ini]
[2020.09.12-23.37.55:928][  0]LogConfig: Setting CVar [[foliage.DensityScale:1.0]]
[2020.09.12-23.37.55:928][  0]LogConfig: Setting CVar [[grass.DensityScale:1.0]]
[2020.09.12-23.37.55:928][  0]LogConfig: Applying CVar settings from Section [ShadingQuality@3] File [D:/DATA/ProyectosUE/FindingThings/Saved/Config/Windows/Scalability.ini]
[2020.09.12-23.37.55:928][  0]LogConfig: Setting CVar [[r.HairStrands.SkyLighting.SampleCount:16]]
[2020.09.12-23.37.55:928][  0]LogConfig: Setting CVar [[r.HairStrands.SkyLighting.JitterIntegration:0]]
[2020.09.12-23.37.55:928][  0]LogConfig: Setting CVar [[r.HairStrands.SkyAO.SampleCount:16]]
[2020.09.12-23.37.55:928][  0]LogConfig: Setting CVar [[r.HairStrands.DeepShadow.SuperSampling:0]]
[2020.09.12-23.37.55:928][  0]LogConfig: Setting CVar [[r.HairStrands.VisibilityPPLL:0]]
[2020.09.12-23.37.55:928][  0]LogConfig: Setting CVar [[r.HairStrands.RasterizationScale:0.5]]
[2020.09.12-23.37.55:928][  0]LogConfig: Setting CVar [[r.HairStrands.VelocityRasterizationScale:1]]
[2020.09.12-23.37.55:928][  0]LogConfig: Applying CVar settings from Section [Startup] File [../../../Engine/Config/ConsoleVariables.ini]
[2020.09.12-23.37.55:928][  0]LogConfig: Setting CVar [[net.UseAdaptiveNetUpdateFrequency:0]]
[2020.09.12-23.37.55:928][  0]LogConfig: Setting CVar [[p.chaos.AllowCreatePhysxBodies:1]]
[2020.09.12-23.37.55:928][  0]LogConfig: Setting CVar [[fx.SkipVectorVMBackendOptimizations:1]]
[2020.09.12-23.37.55:928][  0]LogConfig: Applying CVar settings from Section [ConsoleVariables] File [D:/DATA/ProyectosUE/FindingThings/Saved/Config/Windows/Engine.ini]
[2020.09.12-23.37.55:928][  0]LogInit: Computer: LAPTOP-PA6RPJ44
[2020.09.12-23.37.55:928][  0]LogInit: User: mbaen
[2020.09.12-23.37.55:928][  0]LogInit: CPU Page size=4096, Cores=4
[2020.09.12-23.37.55:928][  0]LogInit: High frequency timer resolution =10.000000 MHz
[2020.09.12-23.37.55:929][  0]LogMemory: Memory total: Physical=11.9GB (12GB approx)
[2020.09.12-23.37.55:929][  0]LogMemory: Platform Memory Stats for Windows
[2020.09.12-23.37.55:929][  0]LogMemory: Process Physical Memory: 112.90 MB used, 112.91 MB peak
[2020.09.12-23.37.55:929][  0]LogMemory: Process Virtual Memory: 96.13 MB used, 96.13 MB peak
[2020.09.12-23.37.55:929][  0]LogMemory: Physical Memory: 5688.48 MB used,  6478.77 MB free, 12167.25 MB total
[2020.09.12-23.37.55:929][  0]LogMemory: Virtual Memory: 5143.14 MB used,  134212584.00 MB free, 134217728.00 MB total
[2020.09.12-23.37.55:937][  0]LogWindows: WindowsPlatformFeatures enabled
[2020.09.12-23.37.55:987][  0]LogInit: Physics initialised using underlying interface: PhysX
[2020.09.12-23.37.55:988][  0]LogInit: Overriding language with editor language configuration option (en).
[2020.09.12-23.37.55:988][  0]LogInit: Overriding locale with editor culture configuration option ().
[2020.09.12-23.37.55:988][  0]LogInit: Using OS detected locale (es-ES).
[2020.09.12-23.37.56:197][  0]LogInit: Setting process to per monitor DPI aware
[2020.09.12-23.37.56:393][  0]LogSlate: New Slate User Created.  User Index 0, Is Virtual User: 0
[2020.09.12-23.37.56:393][  0]LogSlate: Slate User Registered.  User Index 0, Is Virtual User: 0
[2020.09.12-23.37.56:637][  0]LogHMD: Failed to initialize OpenVR with code 110
[2020.09.12-23.37.56:637][  0]LogD3D11RHI: D3D11 min allowed feature level: 11_0
[2020.09.12-23.37.56:637][  0]LogD3D11RHI: D3D11 max allowed feature level: 11_0
[2020.09.12-23.37.56:637][  0]LogD3D11RHI: D3D11 adapters:
[2020.09.12-23.37.56:708][  0]LogD3D11RHI:    0. 'NVIDIA GeForce GTX 1050' (Feature Level 11_0)
[2020.09.12-23.37.56:708][  0]LogD3D11RHI:       1977/0/6083 MB DedicatedVideo/DedicatedSystem/SharedSystem, Outputs:1, VendorId:0x10de
[2020.09.12-23.37.56:721][  0]LogD3D11RHI:    1. 'Intel(R) HD Graphics 630' (Feature Level 11_0)
[2020.09.12-23.37.56:721][  0]LogD3D11RHI:       128/0/6083 MB DedicatedVideo/DedicatedSystem/SharedSystem, Outputs:1, VendorId:0x8086
[2020.09.12-23.37.56:724][  0]LogD3D11RHI:    2. 'Microsoft Basic Render Driver' (Feature Level 11_0)
[2020.09.12-23.37.56:724][  0]LogD3D11RHI:       0/0/6083 MB DedicatedVideo/DedicatedSystem/SharedSystem, Outputs:0, VendorId:0x1414
[2020.09.12-23.37.56:724][  0]LogD3D11RHI: Chosen D3D11 Adapter: 0
[2020.09.12-23.37.56:732][  0]LogD3D11RHI: Creating new Direct3DDevice
[2020.09.12-23.37.56:732][  0]LogD3D11RHI:     GPU DeviceId: 0x1c8d (for the marketing name, search the web for "GPU Device Id")
[2020.09.12-23.37.56:732][  0]LogWindows: EnumDisplayDevices:
[2020.09.12-23.37.56:732][  0]LogWindows:    0. 'Intel(R) HD Graphics 630' (P:0 D:1)
[2020.09.12-23.37.56:732][  0]LogWindows:    1. 'Intel(R) HD Graphics 630' (P:0 D:0)
[2020.09.12-23.37.56:733][  0]LogWindows:    2. 'Intel(R) HD Graphics 630' (P:0 D:0)
[2020.09.12-23.37.56:733][  0]LogWindows:    3. 'NVIDIA GeForce GTX 1050' (P:1 D:1)
[2020.09.12-23.37.56:733][  0]LogWindows:    4. 'NVIDIA GeForce GTX 1050' (P:0 D:0)
[2020.09.12-23.37.56:733][  0]LogWindows:    5. 'NVIDIA GeForce GTX 1050' (P:0 D:0)
[2020.09.12-23.37.56:734][  0]LogWindows:    6. 'NVIDIA GeForce GTX 1050' (P:0 D:0)
[2020.09.12-23.37.56:734][  0]LogWindows: DebugString: PrimaryIsNotTheChoosenAdapter PrimaryIsNotTheChoosenAdapter PrimaryIsNotTheChoosenAdapter FoundDriverCount:4 
[2020.09.12-23.37.56:734][  0]LogD3D11RHI:     Adapter Name: NVIDIA GeForce GTX 1050
[2020.09.12-23.37.56:734][  0]LogD3D11RHI:   Driver Version: 452.06 (internal:27.21.14.5206, unified:452.06)
[2020.09.12-23.37.56:734][  0]LogD3D11RHI:      Driver Date: 8-12-2020
[2020.09.12-23.37.56:734][  0]LogRHI: Texture pool is 1384 MB (70% of 1977 MB)
[2020.09.12-23.37.56:790][  0]LogD3D11RHI: RHI has support for 64 bit atomics
[2020.09.12-23.37.56:792][  0]LogD3D11RHI: [Aftermath] Enabled and primed
[2020.09.12-23.37.56:792][  0]LogD3D11RHI: Async texture creation enabled
[2020.09.12-23.37.56:792][  0]LogD3D11RHI: Array index from any shader is supported
[2020.09.12-23.37.56:816][  0]LogD3D11RHI: GPU Timing Frequency: 1000.000000 (Debug: 2 1)
[2020.09.12-23.37.57:205][  0]LogTargetPlatformManager: Display: Loaded TargetPlatform 'AllDesktop'
[2020.09.12-23.37.57:229][  0]LogTargetPlatformManager: Display: Loaded TargetPlatform 'Android'
[2020.09.12-23.37.57:229][  0]LogTargetPlatformManager: Display: Loaded TargetPlatform 'Android_ASTC'
[2020.09.12-23.37.57:229][  0]LogTargetPlatformManager: Display: Loaded TargetPlatform 'Android_DXT'
[2020.09.12-23.37.57:229][  0]LogTargetPlatformManager: Display: Loaded TargetPlatform 'Android_ETC2'
[2020.09.12-23.37.57:229][  0]LogTargetPlatformManager: Display: Loaded TargetPlatform 'AndroidClient'
[2020.09.12-23.37.57:229][  0]LogTargetPlatformManager: Display: Loaded TargetPlatform 'Android_ASTCClient'
[2020.09.12-23.37.57:229][  0]LogTargetPlatformManager: Display: Loaded TargetPlatform 'Android_DXTClient'
[2020.09.12-23.37.57:229][  0]LogTargetPlatformManager: Display: Loaded TargetPlatform 'Android_ETC2Client'
[2020.09.12-23.37.57:229][  0]LogTargetPlatformManager: Display: Loaded TargetPlatform 'Android_Multi'
[2020.09.12-23.37.57:229][  0]LogTargetPlatformManager: Display: Loaded TargetPlatform 'Android_MultiClient'
[2020.09.12-23.37.57:257][  0]LogTargetPlatformManager: Display: Loaded TargetPlatform 'IOSClient'
[2020.09.12-23.37.57:257][  0]LogTargetPlatformManager: Display: Loaded TargetPlatform 'IOS'
[2020.09.12-23.37.57:267][  0]LogTargetPlatformManager: Display: Loaded TargetPlatform 'Linux'
[2020.09.12-23.37.57:278][  0]LogTargetPlatformManager: Display: Loaded TargetPlatform 'LinuxNoEditor'
[2020.09.12-23.37.57:288][  0]LogTargetPlatformManager: Display: Loaded TargetPlatform 'LinuxClient'
[2020.09.12-23.37.57:298][  0]LogTargetPlatformManager: Display: Loaded TargetPlatform 'LinuxServer'
[2020.09.12-23.37.57:308][  0]LogTargetPlatformManager: Display: Loaded TargetPlatform 'LinuxAArch64NoEditor'
[2020.09.12-23.37.57:319][  0]LogTargetPlatformManager: Display: Loaded TargetPlatform 'LinuxAArch64Client'
[2020.09.12-23.37.57:329][  0]LogTargetPlatformManager: Display: Loaded TargetPlatform 'LinuxAArch64Server'
[2020.09.12-23.37.57:357][  0]LogTargetPlatformManager: Display: Loaded TargetPlatform 'Lumin'
[2020.09.12-23.37.57:357][  0]LogTargetPlatformManager: Display: Loaded TargetPlatform 'LuminClient'
[2020.09.12-23.37.57:375][  0]LogTargetPlatformManager: Display: Loaded TargetPlatform 'TVOSClient'
[2020.09.12-23.37.57:375][  0]LogTargetPlatformManager: Display: Loaded TargetPlatform 'TVOS'
[2020.09.12-23.37.57:385][  0]LogTargetPlatformManager: Display: Loaded TargetPlatform 'WindowsNoEditor'
[2020.09.12-23.37.57:396][  0]LogTargetPlatformManager: Display: Loaded TargetPlatform 'Windows'
[2020.09.12-23.37.57:407][  0]LogTargetPlatformManager: Display: Loaded TargetPlatform 'WindowsClient'
[2020.09.12-23.37.57:417][  0]LogTargetPlatformManager: Display: Loaded TargetPlatform 'WindowsServer'
[2020.09.12-23.37.57:418][  0]LogTargetPlatformManager: Display: Building Assets For Windows
[2020.09.12-23.37.57:429][  0]LogAudioDebug: Display: Lib vorbis DLL was dynamically loaded.
[2020.09.12-23.37.57:507][  0]LogShaderCompilers: Guid format shader working directory is 6 characters bigger than the processId version (../../../../../ProyectosUE/FindingThings/Intermediate/Shaders/WorkingDirectory/8372/).
[2020.09.12-23.37.57:507][  0]LogShaderCompilers: Cleaned the shader compiler working directory 'C:/Users/mbaen/AppData/Local/Temp/UnrealShaderWorkingDir/3A3C3ABF4B6C0734F1C6A6A9E4E10A85/'.
[2020.09.12-23.37.57:507][  0]LogXGEController: Cannot use XGE Controller as Incredibuild is not installed on this machine.
[2020.09.12-23.37.57:507][  0]LogShaderCompilers: Cannot use XGE Shader Compiler as Incredibuild is not installed on this machine.
[2020.09.12-23.37.57:507][  0]LogShaderCompilers: Display: Using Local Shader Compiler.
[2020.09.12-23.37.58:390][  0]LogDerivedDataCache: Display: Max Cache Size: 512 MB
[2020.09.12-23.37.58:452][  0]LogDerivedDataCache: Loaded boot cache 0.06s 75MB C:/Users/mbaen/AppData/Local/UnrealEngine/4.25/DerivedDataCache/Boot.ddc.
[2020.09.12-23.37.58:452][  0]LogDerivedDataCache: Display: Loaded Boot cache: C:/Users/mbaen/AppData/Local/UnrealEngine/4.25/DerivedDataCache/Boot.ddc
[2020.09.12-23.37.58:452][  0]LogDerivedDataCache: FDerivedDataBackendGraph:  Pak pak cache file ../../../../../ProyectosUE/FindingThings/DerivedDataCache/DDC.ddp not found, will not use a pak cache.
[2020.09.12-23.37.58:452][  0]LogDerivedDataCache: Unable to find inner node Pak for hierarchical cache Hierarchy.
[2020.09.12-23.37.58:452][  0]LogDerivedDataCache: FDerivedDataBackendGraph:  CompressedPak pak cache file ../../../../../ProyectosUE/FindingThings/DerivedDataCache/Compressed.ddp not found, will not use a pak cache.
[2020.09.12-23.37.58:452][  0]LogDerivedDataCache: Unable to find inner node CompressedPak for hierarchical cache Hierarchy.
[2020.09.12-23.37.58:464][  0]LogDerivedDataCache: Display: Pak cache opened for reading ../../../Engine/DerivedDataCache/Compressed.ddp.
[2020.09.12-23.37.58:464][  0]LogDerivedDataCache: FDerivedDataBackendGraph:  EnterprisePak pak cache file ../../../Enterprise/DerivedDataCache/Compressed.ddp not found, will not use a pak cache.
[2020.09.12-23.37.58:464][  0]LogDerivedDataCache: Unable to find inner node EnterprisePak for hierarchical cache Hierarchy.
[2020.09.12-23.37.58:465][  0]LogDerivedDataCache: Using Local data cache path C:/Users/mbaen/AppData/Local/UnrealEngine/Common/DerivedDataCache: Writable
[2020.09.12-23.37.58:465][  0]LogDerivedDataCache: Shared data cache path not found in *engine.ini, will not use an Shared cache.
[2020.09.12-23.37.58:465][  0]LogDerivedDataCache: Unable to find inner node Shared for hierarchical cache Hierarchy.
[2020.09.12-23.37.58:524][  0]LogSlate: Using FreeType 2.10.0
[2020.09.12-23.37.58:525][  0]LogSlate: SlateFontServices - WITH_FREETYPE: 1, WITH_HARFBUZZ: 1
[2020.09.12-23.37.58:557][  0]LogAssetRegistry: FAssetRegistry took 0.0027 seconds to start up
[2020.09.12-23.37.58:851][  0]LogInit: Selected Device Profile: [Windows]
[2020.09.12-23.37.58:991][  0]LogMeshReduction: Using QuadricMeshReduction for automatic static mesh reduction
[2020.09.12-23.37.58:991][  0]LogMeshReduction: Using SimplygonMeshReduction for automatic skeletal mesh reduction
[2020.09.12-23.37.58:991][  0]LogMeshReduction: Using ProxyLODMeshReduction for automatic mesh merging
[2020.09.12-23.37.58:991][  0]LogMeshReduction: No distributed automatic mesh merging module available
[2020.09.12-23.37.58:991][  0]LogMeshMerging: No distributed automatic mesh merging module available
[2020.09.12-23.37.59:016][  0]LogNetVersion: FindingThings 1.0.0, NetCL: 13144385, EngineNetVer: 14, GameNetVer: 0 (Checksum: 303089397)
[2020.09.12-23.37.59:538][  0]LogAISub: UAISubsystem::UAISubsystem AISubsystem (0000025F63565BC0), frame # 0
[2020.09.12-23.37.59:538][  0]LogAISub: UAISubsystem::UAISubsystem AIPerceptionSystem (0000025F670FAAC0), frame # 0
[2020.09.12-23.37.59:539][  0]LogAISub: UAISubsystem::UAISubsystem EnvQueryManager (0000025F6350A000), frame # 0
[2020.09.12-23.37.59:606][  0]LogPackageLocalizationCache: Processed 19 localized package path(s) for 1 prioritized culture(s) in 0.059992 seconds
[2020.09.12-23.37.59:613][  0]LogUObjectArray: 15917 objects as part of root set at end of initial load.
[2020.09.12-23.37.59:613][  0]LogUObjectAllocator: 3965568 out of 0 bytes used by permanent object pool.
[2020.09.12-23.37.59:613][  0]LogUObjectArray: CloseDisregardForGC: 0/0 objects in disregard for GC pool
[2020.09.12-23.38.00:038][  0]LogTcpMessaging: Initializing TcpMessaging bridge
[2020.09.12-23.38.00:044][  0]LogUdpMessaging: Initializing bridge on interface 0.0.0.0:0 to multicast group 230.0.0.1:6666.
[2020.09.12-23.38.00:144][  0]SourceControl: Source control is disabled
[2020.09.12-23.38.00:144][  0]SourceControl: Source control is disabled
[2020.09.12-23.38.00:148][  0]SourceControl: Source control is disabled
[2020.09.12-23.38.00:152][  0]SourceControl: Source control is disabled
[2020.09.12-23.38.00:161][  0]SourceControl: Source control is disabled
[2020.09.12-23.38.00:454][  0]LogAndroidPermission: UAndroidPermissionCallbackProxy::GetInstance
[2020.09.12-23.38.00:479][  0]LogAudioCaptureCore: Display: No Audio Capture implementations found. Audio input will be silent.
[2020.09.12-23.38.00:479][  0]LogAudioCaptureCore: Display: No Audio Capture implementations found. Audio input will be silent.
[2020.09.12-23.38.00:537][  0]LogOcInput: OculusInput pre-init called
[2020.09.12-23.38.00:547][  0]LogWindows: Failed to load 'OVRPlugin.dll' (GetLastError=126)
[2020.09.12-23.38.00:548][  0]LogWindows: File 'OVRPlugin.dll' does not exist
[2020.09.12-23.38.00:623][  0]LogEngine: Initializing Engine...
[2020.09.12-23.38.00:625][  0]LogHMD: Failed to initialize OpenVR with code 110
[2020.09.12-23.38.00:625][  0]LogMagicLeap: Warning: VR disabled because ZI is not enabled.  To enable, in the editor, Edit -> Project Settings -> Plugins -> Magic Leap Plugin -> Enable Zero Iteration
[2020.09.12-23.38.00:626][  0]LogStats: UGameplayTagsManager::InitializeManager -  0.000 s
[2020.09.12-23.38.00:784][  0]LogInit: Initializing FReadOnlyCVARCache
[2020.09.12-23.38.00:796][  0]LogAIModule: Creating AISystem for world Untitled
[2020.09.12-23.38.00:796][  0]LogAISub: UAISubsystem::UAISubsystem EnvQueryManager (0000025F69FAFC00), frame # 0
[2020.09.12-23.38.00:796][  0]LogAISub: UAISubsystem::UAISubsystem AIPerceptionSystem (0000025F6A00FB00), frame # 0
[2020.09.12-23.38.00:808][  0]LogAudioMixer: Display: Audio Mixer Platform Settings:
[2020.09.12-23.38.00:808][  0]LogAudioMixer: Display: 	Sample Rate:						  48000
[2020.09.12-23.38.00:808][  0]LogAudioMixer: Display: 	Callback Buffer Frame Size Requested: 1024
[2020.09.12-23.38.00:808][  0]LogAudioMixer: Display: 	Callback Buffer Frame Size To Use:	  1024
[2020.09.12-23.38.00:808][  0]LogAudioMixer: Display: 	Number of buffers to queue:			  2
[2020.09.12-23.38.00:808][  0]LogAudioMixer: Display: 	Max Channels (voices):				  32
[2020.09.12-23.38.00:808][  0]LogAudioMixer: Display: 	Number of Async Source Workers:		  0
[2020.09.12-23.38.00:808][  0]LogAudio: Display: AudioDevice MaxSources: 32
[2020.09.12-23.38.00:808][  0]LogAudio: Display: Using built-in audio occlusion.
[2020.09.12-23.38.00:808][  0]LogAudioMixer: Display: Initializing audio mixer.
[2020.09.12-23.38.00:835][  0]LogAudioMixer: Display: 0: FrontLeft
[2020.09.12-23.38.00:835][  0]LogAudioMixer: Display: 1: FrontRight
[2020.09.12-23.38.00:835][  0]LogAudioMixer: Display: 2: FrontCenter
[2020.09.12-23.38.00:835][  0]LogAudioMixer: Display: 3: LowFrequency
[2020.09.12-23.38.00:835][  0]LogAudioMixer: Display: 4: BackLeft
[2020.09.12-23.38.00:835][  0]LogAudioMixer: Display: 5: BackRight
[2020.09.12-23.38.00:835][  0]LogAudioMixer: Display: 6: SideLeft
[2020.09.12-23.38.00:835][  0]LogAudioMixer: Display: 7: SideRight
[2020.09.12-23.38.01:043][  0]LogAudioMixer: Display: Using Audio Device Audífono de los auriculares con micrófono (2- CORSAIR VOID PRO Wireless Gaming Headset)
[2020.09.12-23.38.01:047][  0]LogAudioMixer: Display: Initializing Sound Submixes...
[2020.09.12-23.38.01:049][  0]LogAudioMixer: Display: Creating Master Submix 'MasterSubmixDefault'
[2020.09.12-23.38.01:049][  0]LogAudioMixer: Display: Creating Master Submix 'MasterReverbSubmixDefault'
[2020.09.12-23.38.01:050][  0]LogAudioMixer: Display: Creating Master Submix 'MasterEQSubmixDefault'
[2020.09.12-23.38.01:051][  0]LogInit: FAudioDevice initialized.
[2020.09.12-23.38.01:051][  0]LogNetVersion: Set ProjectVersion to 1.0.0.0. Version Checksum will be recalculated on next use.
[2020.09.12-23.38.01:106][  0]LogDerivedDataCache: Saved boot cache 0.05s 75MB C:/Users/mbaen/AppData/Local/UnrealEngine/4.25/DerivedDataCache/Boot.ddc.
[2020.09.12-23.38.01:110][  0]LogInit: Texture streaming: Enabled
[2020.09.12-23.38.01:131][  0]LogEngineSessionManager: EngineSessionManager initialized
[2020.09.12-23.38.01:131][  0]LogEditorSessionSummary: Verbose: Initializing EditorSessionSummaryWriter for editor session tracking
[2020.09.12-23.38.01:133][  0]LogEditorSessionSummary: EditorSessionSummaryWriter initialized
[2020.09.12-23.38.01:181][  0]LogInit: Transaction tracking system initialized
[2020.09.12-23.38.01:209][  0]BlueprintLog: New page: Editor Load
[2020.09.12-23.38.01:296][  0]LocalizationService: Localization service is disabled
[2020.09.12-23.38.01:478][  0]LogCook: Display: Max memory allowance for cook 16384mb min free memory 0mb
[2020.09.12-23.38.01:478][  0]LogCook: Display: Mobile HDR setting 1
[2020.09.12-23.38.01:651][  0]LogFileCache: Scanning file cache for directory 'D:/DATA/ProyectosUE/FindingThings/Content/' took 0.00s
[2020.09.12-23.38.01:926][  0]SourceControl: Source control is disabled
[2020.09.12-23.38.01:926][  0]LogUnrealEdMisc: Loading editor; pre map load, took 8.489
[2020.09.12-23.38.01:926][  0]Cmd: MAP LOAD FILE="../../../../../ProyectosUE/FindingThings/Content/FirstPersonBP/Maps/FirstPersonExampleMap.umap" TEMPLATE=0 SHOWPROGRESS=1 FEATURELEVEL=3
[2020.09.12-23.38.01:926][  0]LightingResults: New page: Lighting Build
[2020.09.12-23.38.01:927][  0]LogWorld: UWorld::CleanupWorld for Untitled, bSessionEnded=true, bCleanupResources=true
[2020.09.12-23.38.01:927][  0]LogSlate: InvalidateAllWidgets triggered.  All widgets were invalidated
[2020.09.12-23.38.01:927][  0]MapCheck: New page: Map Check
[2020.09.12-23.38.01:927][  0]LightingResults: New page: Lighting Build
[2020.09.12-23.38.01:937][  0]LogAISub: UAISubsystem::~UAISubsystem EnvQueryManager (0000025F69FAFC00), frame # 0
[2020.09.12-23.38.01:938][  0]LogAISub: UAISubsystem::~UAISubsystem AIPerceptionSystem (0000025F6A00FB00), frame # 0
[2020.09.12-23.38.01:938][  0]LogUObjectHash: Compacting FUObjectHashTables data took   0.74ms
[2020.09.12-23.38.02:341][  0]LogTexture: Display: Building textures: HQ_Lightmap1_5 (AutoDXT, 64X64)
[2020.09.12-23.38.02:341][  0]LogTexture: Display: Building textures: LQ_Lightmap_1_2 (DXT1, 2048X2048)
[2020.09.12-23.38.02:342][  0]LogTexture: Display: Building textures: LQ_Lightmap_1_1 (DXT1, 2048X2048)
[2020.09.12-23.38.02:342][  0]LogTexture: Display: Building textures: HQ_Lightmap1_4 (AutoDXT, 2048X2048)
[2020.09.12-23.38.02:342][  0]LogTexture: Display: Building textures: HQ_Lightmap1_1 (AutoDXT, 2048X2048)
[2020.09.12-23.38.02:342][  0]LogTexture: Display: Building textures: HQ_Lightmap1_2 (AutoDXT, 2048X2048)
[2020.09.12-23.38.02:342][  0]LogTexture: Display: Building textures: HQ_Lightmap1_3 (AutoDXT, 2048X2048)
[2020.09.12-23.38.04:852][  0]LogTexture: Display: Building textures: LQ_Lightmap_1_4 (DXT1, 2048X2048)
[2020.09.12-23.38.04:852][  0]LogTexture: Display: Building textures: LQ_Lightmap_1_3 (DXT1, 2048X2048)
[2020.09.12-23.38.04:852][  0]LogTexture: Display: Building textures: LQ_Lightmap_1_5 (DXT1, 64X64)
[2020.09.12-23.38.04:852][  0]LogTexture: Display: Building textures: SkyOcclusion1_1 (AutoDXT, 2048X1024)
[2020.09.12-23.38.04:852][  0]LogTexture: Display: Building textures: SkyOcclusion1_2 (AutoDXT, 2048X1024)
[2020.09.12-23.38.04:852][  0]LogTexture: Display: Building textures: SkyOcclusion1_3 (AutoDXT, 2048X1024)
[2020.09.12-23.38.04:852][  0]LogTexture: Display: Building textures: SkyOcclusion1_5 (AutoDXT, 64X32)
[2020.09.12-23.38.04:852][  0]LogTexture: Display: Building textures: SkyOcclusion1_4 (AutoDXT, 2048X1024)
[2020.09.12-23.38.04:852][  0]LogAIModule: Creating AISystem for world FirstPersonExampleMap
[2020.09.12-23.38.04:852][  0]LogAISub: UAISubsystem::UAISubsystem EnvQueryManager (0000025F57B68E00), frame # 0
[2020.09.12-23.38.04:852][  0]LogAISub: UAISubsystem::UAISubsystem AIPerceptionSystem (0000025F57B55940), frame # 0
[2020.09.12-23.38.04:880][  0]LogEditorServer: Finished looking for orphan Actors (0.000 secs)
[2020.09.12-23.38.04:896][  0]LogUObjectHash: Compacting FUObjectHashTables data took   1.30ms
[2020.09.12-23.38.04:905][  0]Cmd: MAP CHECKDEP NOCLEARLOG
[2020.09.12-23.38.04:905][  0]MapCheck: Map check complete: 0 Error(s), 0 Warning(s), took 0,108ms to complete.
[2020.09.12-23.38.04:905][  0]LogFileHelpers: Loading map 'FirstPersonExampleMap' took 2.979
[2020.09.12-23.38.04:907][  0]LogUnrealEdMisc: Total Editor Startup Time, took 11.470
[2020.09.12-23.38.05:022][  0]LogSlate: Updating window title bar state: overlay mode, drag disabled, window buttons hidden, title bar hidden
[2020.09.12-23.38.05:030][  0]LogSlate: Updating window title bar state: overlay mode, drag disabled, window buttons hidden, title bar hidden
[2020.09.12-23.38.05:038][  0]LogSlate: Updating window title bar state: overlay mode, drag disabled, window buttons hidden, title bar hidden
[2020.09.12-23.38.05:046][  0]LogSlate: Updating window title bar state: overlay mode, drag disabled, window buttons hidden, title bar hidden
[2020.09.12-23.38.05:054][  0]LogCollectionManager: Loaded 0 collections in 0.000847 seconds
[2020.09.12-23.38.05:074][  0]LogFileCache: Scanning file cache for directory 'D:/DATA/ProyectosUE/FindingThings/Saved/Collections/' took 0.00s
[2020.09.12-23.38.05:074][  0]LogFileCache: Scanning file cache for directory 'D:/DATA/ProyectosUE/FindingThings/Content/Developers/mbaen/Collections/' took 0.00s
[2020.09.12-23.38.05:074][  0]LogFileCache: Scanning file cache for directory 'D:/DATA/ProyectosUE/FindingThings/Content/Collections/' took 0.00s
[2020.09.12-23.38.05:075][  0]LogContentBrowser: Native class hierarchy populated in 0.0110 seconds. Added 3427 classes and 821 folders.
[2020.09.12-23.38.05:077][  0]LogContentBrowser: Native class hierarchy updated for 'WidgetCarousel' in 0.0003 seconds. Added 0 classes and 0 folders.
[2020.09.12-23.38.05:174][  0]LogContentBrowser: Native class hierarchy updated for 'AddContentDialog' in 0.0006 seconds. Added 0 classes and 0 folders.
[2020.09.12-23.38.05:175][  0]LogContentBrowser: Native class hierarchy updated for 'SceneOutliner' in 0.0004 seconds. Added 2 classes and 0 folders.
[2020.09.12-23.38.05:203][  0]LogSlate: Took 0.000297 seconds to synchronously load lazily loaded font '../../../Engine/Content/Slate/Fonts/Roboto-Regular.ttf' (155K)
[2020.09.12-23.38.05:205][  0]LogSlate: Took 0.000334 seconds to synchronously load lazily loaded font '../../../Engine/Content/Slate/Fonts/Roboto-Bold.ttf' (160K)
[2020.09.12-23.38.05:212][  0]LogSlate: Took 0.000216 seconds to synchronously load lazily loaded font '../../../Engine/Content/Editor/Slate/Fonts/FontAwesome.ttf' (139K)
[2020.09.12-23.38.05:301][  0]LogRenderer: Reallocating scene render targets to support 964x432 Format 10 NumSamples 1 (Frame:1).
[2020.09.12-23.38.05:461][  0]LogContentBrowser: Native class hierarchy updated for 'HierarchicalLODOutliner' in 0.0004 seconds. Added 0 classes and 0 folders.
[2020.09.12-23.38.05:461][  0]LogLoad: (Engine Initialization) Total time: 12.02 seconds
[2020.09.12-23.38.05:461][  0]LogLoad: (Engine Initialization) Total Blueprint compile time: 0.00 seconds
[2020.09.12-23.38.05:498][  0]LogContentStreaming: Texture pool size now 1000 MB
[2020.09.12-23.38.05:507][  0]LogSlate: Took 0.000219 seconds to synchronously load lazily loaded font '../../../Engine/Content/Slate/Fonts/Roboto-Light.ttf' (167K)
[2020.09.12-23.38.14:940][563]LogEditorViewport: Clicking on Actor (LMB): StaticMeshActor (EditorCube8)
[2020.09.12-23.38.18:001][738]LogTemp: Repeating last play command: Selected Viewport
[2020.09.12-23.38.18:113][738]LogPlayLevel: PlayLevel: No blueprints needed recompiling
[2020.09.12-23.38.18:135][738]PIE: New page: PIE session: FirstPersonExampleMap (13 sept. 2020 3:38:18)
[2020.09.12-23.38.18:169][738]LogOnline: OSS: Creating online subsystem instance for: NULL
[2020.09.12-23.38.18:260][738]LogOnline: OSS: TryLoadSubsystemAndSetDefault: Loaded subsystem for module [NULL]
[2020.09.12-23.38.18:307][738]LogPlayLevel: Creating play world package: /Game/FirstPersonBP/Maps/UEDPIE_0_FirstPersonExampleMap
[2020.09.12-23.38.18:382][738]LogPlayLevel: PIE: StaticDuplicateObject took: (0.075207s)
[2020.09.12-23.38.18:393][738]LogAIModule: Creating AISystem for world FirstPersonExampleMap
[2020.09.12-23.38.18:394][738]LogAISub: UAISubsystem::UAISubsystem EnvQueryManager (0000025F74A4FE00), frame # 738
[2020.09.12-23.38.18:394][738]LogAISub: UAISubsystem::UAISubsystem AIPerceptionSystem (0000025F69A442C0), frame # 738
[2020.09.12-23.38.18:394][738]LogPlayLevel: PIE: World Init took: (0.011304s)
[2020.09.12-23.38.18:413][738]LogPlayLevel: PIE: Created PIE world by copying editor world from /Game/FirstPersonBP/Maps/FirstPersonExampleMap.FirstPersonExampleMap to /Game/FirstPersonBP/Maps/UEDPIE_0_FirstPersonExampleMap.FirstPersonExampleMap (0.086893s)
[2020.09.12-23.38.18:423][738]LogUObjectHash: Compacting FUObjectHashTables data took   0.79ms
[2020.09.12-23.38.18:440][738]LogAudioMixer: Display: Audio Mixer Platform Settings:
[2020.09.12-23.38.18:440][738]LogAudioMixer: Display: 	Sample Rate:						  48000
[2020.09.12-23.38.18:440][738]LogAudioMixer: Display: 	Callback Buffer Frame Size Requested: 1024
[2020.09.12-23.38.18:440][738]LogAudioMixer: Display: 	Callback Buffer Frame Size To Use:	  1024
[2020.09.12-23.38.18:440][738]LogAudioMixer: Display: 	Number of buffers to queue:			  2
[2020.09.12-23.38.18:440][738]LogAudioMixer: Display: 	Max Channels (voices):				  32
[2020.09.12-23.38.18:440][738]LogAudioMixer: Display: 	Number of Async Source Workers:		  0
[2020.09.12-23.38.18:440][738]LogAudio: Display: AudioDevice MaxSources: 32
[2020.09.12-23.38.18:441][738]LogAudio: Display: Using built-in audio occlusion.
[2020.09.12-23.38.18:441][738]LogAudioMixer: Display: Initializing audio mixer.
[2020.09.12-23.38.18:445][738]LogAudioMixer: Display: 0: FrontLeft
[2020.09.12-23.38.18:445][738]LogAudioMixer: Display: 1: FrontRight
[2020.09.12-23.38.18:445][738]LogAudioMixer: Display: 2: FrontCenter
[2020.09.12-23.38.18:445][738]LogAudioMixer: Display: 3: LowFrequency
[2020.09.12-23.38.18:445][738]LogAudioMixer: Display: 4: BackLeft
[2020.09.12-23.38.18:445][738]LogAudioMixer: Display: 5: BackRight
[2020.09.12-23.38.18:445][738]LogAudioMixer: Display: 6: SideLeft
[2020.09.12-23.38.18:445][738]LogAudioMixer: Display: 7: SideRight
[2020.09.12-23.38.18:643][738]LogAudioMixer: Display: Using Audio Device Audífono de los auriculares con micrófono (2- CORSAIR VOID PRO Wireless Gaming Headset)
[2020.09.12-23.38.18:644][738]LogAudioMixer: Display: Initializing Sound Submixes...
[2020.09.12-23.38.18:644][738]LogAudioMixer: Display: Creating Master Submix 'MasterSubmixDefault'
[2020.09.12-23.38.18:644][738]LogAudioMixer: Display: Creating Master Submix 'MasterReverbSubmixDefault'
[2020.09.12-23.38.18:644][738]LogAudioMixer: Display: Creating Master Submix 'MasterEQSubmixDefault'
[2020.09.12-23.38.18:667][738]LogInit: FAudioDevice initialized.
[2020.09.12-23.38.18:717][738]LogLoad: Game class is 'FirstPersonGameMode_C'
[2020.09.12-23.38.18:973][738]LogWorld: Bringing World /Game/FirstPersonBP/Maps/UEDPIE_0_FirstPersonExampleMap.FirstPersonExampleMap up for play (max tick rate 60) at 2020.09.13-01.38.18
[2020.09.12-23.38.18:973][738]LogWorld: Bringing up level for play took: 0.002381
[2020.09.12-23.38.18:991][738]LogOnline: OSS: Creating online subsystem instance for: :Context_3
[2020.09.12-23.38.19:358][738]LogContentBrowser: Native class hierarchy updated for 'MovieSceneCapture' in 0.0004 seconds. Added 20 classes and 0 folders.
[2020.09.12-23.38.19:454][738]PIE: Server logged in
[2020.09.12-23.38.19:484][738]PIE: Play in editor total start time 1,45 seconds.
[2020.09.12-23.38.25:609][ 26]LogAssetRegistry: Asset discovery search completed in 27.0530 seconds
[2020.09.12-23.38.25:614][ 26]LogCollectionManager: Fixed up redirectors for 0 collections in 0.000003 seconds (updated 0 objects)
[2020.09.12-23.38.34:473][547]LogSlate: Updating window title bar state: overlay mode, drag disabled, window buttons hidden, title bar hidden
[2020.09.12-23.38.34:473][547]LogWorld: BeginTearingDown for /Game/FirstPersonBP/Maps/UEDPIE_0_FirstPersonExampleMap
[2020.09.12-23.38.34:482][547]LogWorld: UWorld::CleanupWorld for FirstPersonExampleMap, bSessionEnded=true, bCleanupResources=true
[2020.09.12-23.38.34:483][547]LogSlate: InvalidateAllWidgets triggered.  All widgets were invalidated
[2020.09.12-23.38.34:489][547]LogPlayLevel: Display: Shutting down PIE online subsystems
[2020.09.12-23.38.34:491][547]LogSlate: InvalidateAllWidgets triggered.  All widgets were invalidated
[2020.09.12-23.38.34:537][547]LogSlate: Updating window title bar state: overlay mode, drag disabled, window buttons hidden, title bar hidden
[2020.09.12-23.38.34:551][547]LogAISub: UAISubsystem::~UAISubsystem AIPerceptionSystem (0000025F69A442C0), frame # 1547
[2020.09.12-23.38.34:552][547]LogAISub: UAISubsystem::~UAISubsystem EnvQueryManager (0000025F74A4FE00), frame # 1547
[2020.09.12-23.38.34:555][547]LogUObjectHash: Compacting FUObjectHashTables data took   2.39ms
[2020.09.12-23.38.34:585][548]LogPlayLevel: Display: Destroying online subsystem :Context_3
[2020.09.12-23.38.40:762][907]LogWindows: Warning: CreateProc failed: El sistema no puede encontrar el archivo especificado. (0x00000002)
[2020.09.12-23.38.40:762][907]LogWindows: Warning: URL: C:/Program Files/Git/bin/git.exe version
[2020.09.12-23.38.40:763][907]LogWindows: Warning: CreateProc failed: El sistema no puede encontrar el archivo especificado. (0x00000002)
[2020.09.12-23.38.40:763][907]LogWindows: Warning: URL: C:/Program Files (x86)/Git/bin/git.exe version
[2020.09.12-23.38.40:763][907]LogWindows: Warning: CreateProc failed: El sistema no puede encontrar el archivo especificado. (0x00000002)
[2020.09.12-23.38.40:763][907]LogWindows: Warning: URL: C:\Users\mbaen\AppData\Local/Programs/Git/cmd/git.exe version
[2020.09.12-23.38.40:763][907]LogWindows: Warning: CreateProc failed: El sistema no puede encontrar el archivo especificado. (0x00000002)
[2020.09.12-23.38.40:763][907]LogWindows: Warning: URL: C:/Program Files (x86)/SmartGit/git/bin/git.exe version
[2020.09.12-23.38.40:763][907]LogWindows: Warning: CreateProc failed: El sistema no puede encontrar el archivo especificado. (0x00000002)
[2020.09.12-23.38.40:763][907]LogWindows: Warning: URL: C:/Program Files (x86)/SmartGit/bin/git.exe version
[2020.09.12-23.38.40:764][907]LogWindows: Warning: CreateProc failed: El sistema no puede encontrar el archivo especificado. (0x00000002)
[2020.09.12-23.38.40:764][907]LogWindows: Warning: URL: C:\Users\mbaen\AppData\Local/Atlassian/SourceTree/git_local/bin/git.exe version
[2020.09.12-23.38.40:764][907]LogWindows: Warning: CreateProc failed: El sistema no puede encontrar el archivo especificado. (0x00000002)
[2020.09.12-23.38.40:764][907]LogWindows: Warning: URL: C:/Program Files (x86)/fournova/Tower/vendor/Git/bin/git.exe version
[2020.09.12-23.38.41:984][979]LogWindows: Warning: CreateProc failed: Acceso denegado. (0x00000005)
[2020.09.12-23.38.41:984][979]LogWindows: Warning: URL: D:/DATA/Epic Games/UE_4.25/Engine/Binaries/Win64/ version
[2020.09.12-23.39.58:055][672]LogSlate: Window 'Source Control Login' being destroyed
[2020.09.12-23.40.16:603][725]LogSlate: Window 'Color Picker' being destroyed
[2020.09.12-23.40.17:924][801]LogUObjectHash: Compacting FUObjectHashTables data took   0.70ms
[2020.09.12-23.40.19:169][801]LogSlate: Window 'Save Content' being destroyed
[2020.09.12-23.40.19:306][801]LogSlate: Took 0.000307 seconds to synchronously load lazily loaded font '../../../Engine/Content/Slate/Fonts/Roboto-Light.ttf' (167K)
[2020.09.12-23.40.19:338][801]LogUObjectHash: Compacting FUObjectHashTables data took   0.29ms
[2020.09.12-23.40.19:397][801]LogSavePackage: Moving '../../../../../ProyectosUE/FindingThings/Saved/FirstPersonExampleMapCE8586A2430A9C35E5FF4F9C7A4E3A8D.tmp' to '../../../../../ProyectosUE/FindingThings/Content/FirstPersonBP/Maps/FirstPersonExampleMap.umap'
[2020.09.12-23.40.19:424][801]LogFileHelpers: Saving map 'FirstPersonExampleMap' took 0.097
[2020.09.12-23.40.20:650][801]LogSavePackage: Moving '../../../../../ProyectosUE/FindingThings/Saved/FirstPersonExampleMap_BuiltData854A23534758C21AC971D694D269E213.tmp' to '../../../../../ProyectosUE/FindingThings/Content/FirstPersonBP/Maps/FirstPersonExampleMap_BuiltData.uasset'
[2020.09.12-23.40.20:667][801]AssetCheck: New page: Asset Save: multiple assets
[2020.09.12-23.40.20:668][801]LogContentValidation: Display: Validating World /Game/FirstPersonBP/Maps/FirstPersonExampleMap.FirstPersonExampleMap
[2020.09.12-23.40.20:668][801]LogContentValidation: Display: Validating MapBuildDataRegistry /Game/FirstPersonBP/Maps/FirstPersonExampleMap_BuiltData.FirstPersonExampleMap_BuiltData
[2020.09.12-23.40.29:107][296]SourceControl: fatal: D:/DATA/Epic Games/UE_4.25/Engine/Content: 'D:/DATA/Epic Games/UE_4.25/Engine/Content' is outside repository at 'D:/DATA/ProyectosUE/FindingThings'
[2020.09.12-23.40.29:107][296]SourceControl: fatal: D:/DATA/Epic Games/UE_4.25/Engine/Plugins/2D/Paper2D/Content: 'D:/DATA/Epic Games/UE_4.25/Engine/Plugins/2D/Paper2D/Content' is outside repository at 'D:/DATA/ProyectosUE/FindingThings'
[2020.09.12-23.40.29:107][296]SourceControl: fatal: D:/DATA/Epic Games/UE_4.25/Engine/Plugins/Developer/AnimationSharing/Content: 'D:/DATA/Epic Games/UE_4.25/Engine/Plugins/Developer/AnimationSharing/Content' is outside repository at 'D:/DATA/ProyectosUE/FindingThings'
[2020.09.12-23.40.29:107][296]SourceControl: fatal: D:/DATA/Epic Games/UE_4.25/Engine/Plugins/Editor/GeometryMode/Content: 'D:/DATA/Epic Games/UE_4.25/Engine/Plugins/Editor/GeometryMode/Content' is outside repository at 'D:/DATA/ProyectosUE/FindingThings'
[2020.09.12-23.40.29:107][296]SourceControl: fatal: D:/DATA/Epic Games/UE_4.25/Engine/Plugins/Enterprise/DatasmithContent/Content: 'D:/DATA/Epic Games/UE_4.25/Engine/Plugins/Enterprise/DatasmithContent/Content' is outside repository at 'D:/DATA/ProyectosUE/FindingThings'
[2020.09.12-23.40.29:107][296]SourceControl: fatal: D:/DATA/Epic Games/UE_4.25/Engine/Plugins/Experimental/ChaosClothEditor/Content: 'D:/DATA/Epic Games/UE_4.25/Engine/Plugins/Experimental/ChaosClothEditor/Content' is outside repository at 'D:/DATA/ProyectosUE/FindingThings'
[2020.09.12-23.40.29:107][296]SourceControl: fatal: D:/DATA/Epic Games/UE_4.25/Engine/Plugins/Experimental/ChaosNiagara/Content: 'D:/DATA/Epic Games/UE_4.25/Engine/Plugins/Experimental/ChaosNiagara/Content' is outside repository at 'D:/DATA/ProyectosUE/FindingThings'
[2020.09.12-23.40.29:107][296]SourceControl: fatal: D:/DATA/Epic Games/UE_4.25/Engine/Plugins/Experimental/ChaosSolverPlugin/Content: 'D:/DATA/Epic Games/UE_4.25/Engine/Plugins/Experimental/ChaosSolverPlugin/Content' is outside repository at 'D:/DATA/ProyectosUE/FindingThings'
[2020.09.12-23.40.29:107][296]SourceControl: fatal: D:/DATA/Epic Games/UE_4.25/Engine/Plugins/Experimental/GeometryCollectionPlugin/Content: 'D:/DATA/Epic Games/UE_4.25/Engine/Plugins/Experimental/GeometryCollectionPlugin/Content' is outside repository at 'D:/DATA/ProyectosUE/FindingThings'
[2020.09.12-23.40.29:107][296]SourceControl: fatal: D:/DATA/Epic Games/UE_4.25/Engine/Plugins/Experimental/GeometryProcessing/Content: 'D:/DATA/Epic Games/UE_4.25/Engine/Plugins/Experimental/GeometryProcessing/Content' is outside repository at 'D:/DATA/ProyectosUE/FindingThings'
[2020.09.12-23.40.29:107][296]SourceControl: fatal: D:/DATA/Epic Games/UE_4.25/Engine/Plugins/FX/Niagara/Content: 'D:/DATA/Epic Games/UE_4.25/Engine/Plugins/FX/Niagara/Content' is outside repository at 'D:/DATA/ProyectosUE/FindingThings'
[2020.09.12-23.40.29:107][296]SourceControl: fatal: D:/DATA/Epic Games/UE_4.25/Engine/Plugins/Lumin/MagicLeap/Content: 'D:/DATA/Epic Games/UE_4.25/Engine/Plugins/Lumin/MagicLeap/Content' is outside repository at 'D:/DATA/ProyectosUE/FindingThings'
[2020.09.12-23.40.29:107][296]SourceControl: fatal: D:/DATA/Epic Games/UE_4.25/Engine/Plugins/Lumin/MagicLeapPassableWorld/Content: 'D:/DATA/Epic Games/UE_4.25/Engine/Plugins/Lumin/MagicLeapPassableWorld/Content' is outside repository at 'D:/DATA/ProyectosUE/FindingThings'
[2020.09.12-23.40.29:107][296]SourceControl: fatal: D:/DATA/Epic Games/UE_4.25/Engine/Plugins/Media/MediaCompositing/Content: 'D:/DATA/Epic Games/UE_4.25/Engine/Plugins/Media/MediaCompositing/Content' is outside repository at 'D:/DATA/ProyectosUE/FindingThings'
[2020.09.12-23.40.29:107][296]SourceControl: fatal: D:/DATA/Epic Games/UE_4.25/Engine/Plugins/MovieScene/MovieRenderPipeline/Content: 'D:/DATA/Epic Games/UE_4.25/Engine/Plugins/MovieScene/MovieRenderPipeline/Content' is outside repository at 'D:/DATA/ProyectosUE/FindingThings'
[2020.09.12-23.40.29:108][296]SourceControl: fatal: D:/DATA/Epic Games/UE_4.25/Engine/Plugins/Runtime/Oculus/OculusVR/Content: 'D:/DATA/Epic Games/UE_4.25/Engine/Plugins/Runtime/Oculus/OculusVR/Content' is outside repository at 'D:/DATA/ProyectosUE/FindingThings'
[2020.09.12-23.40.29:108][296]SourceControl: fatal: D:/DATA/Epic Games/UE_4.25/Engine/Plugins/Runtime/PostSplashScreen/Content: 'D:/DATA/Epic Games/UE_4.25/Engine/Plugins/Runtime/PostSplashScreen/Content' is outside repository at 'D:/DATA/ProyectosUE/FindingThings'
[2020.09.12-23.40.29:108][296]SourceControl: fatal: D:/DATA/Epic Games/UE_4.25/Engine/Plugins/Runtime/Steam/SteamVR/Content: 'D:/DATA/Epic Games/UE_4.25/Engine/Plugins/Runtime/Steam/SteamVR/Content' is outside repository at 'D:/DATA/ProyectosUE/FindingThings'
[2020.09.12-23.40.43:361][296]LogSlate: Window 'Submit Files' being destroyed
[2020.09.12-23.40.46:835][296]LogSourceControl: commit successful: [master 4e132fc] he puesto una lucecica toh wapa
[2020.09.12-23.40.46:926][296]SourceControl: [master 4e132fc] he puesto una lucecica toh wapa
[2020.09.12-23.40.46:926][296]SourceControl:  2 files changed, 0 insertions(+), 0 deletions(-)
[2020.09.12-23.40.46:934][296]SourceControl: Commited [master 4e132fc] he puesto una lucecica toh wapa.
